<?xml version="1.0" encoding="UTF-8"?>
<testsuite xmlns:xsi="http://www.w3.org/2001/XMLSchema-instance" xsi:noNamespaceSchemaLocation="https://maven.apache.org/surefire/maven-surefire-plugin/xsd/surefire-test-report-3.0.xsd" version="3.0" name="com.phdata.SparkChargePointsTest" time="3.344" tests="7" errors="0" skipped="0" failures="0">
  <properties>
[...]
</properties>
  <testcase name="testExtractReadsCsv" classname="com.phdata.SparkChargePointsTest" time="1.379">
    <system-err><![CDATA[Using Spark's default log4j profile: org/apache/spark/log4j2-defaults.properties
25/07/15 02:19:24 WARN Utils: Your hostname, Osvaldos-MacBook-Pro-2.local, resolves to a loopback address: 127.0.0.1; using 192.168.68.29 instead (on interface en0)
25/07/15 02:19:24 WARN Utils: Set SPARK_LOCAL_IP if you need to bind to another address
25/07/15 02:19:24 INFO SparkContext: Running Spark version 4.0.0
25/07/15 02:19:24 INFO SparkContext: OS info Mac OS X, 15.2, aarch64
25/07/15 02:19:24 INFO SparkContext: Java version 21.0.7
25/07/15 02:19:24 WARN NativeCodeLoader: Unable to load native-hadoop library for your platform... using builtin-java classes where applicable
25/07/15 02:19:24 INFO ResourceUtils: ==============================================================
25/07/15 02:19:24 INFO ResourceUtils: No custom resources configured for spark.driver.
25/07/15 02:19:24 INFO ResourceUtils: ==============================================================
25/07/15 02:19:24 INFO SparkContext: Submitted application: spark-test
25/07/15 02:19:24 INFO ResourceProfile: Default ResourceProfile created, executor resources: Map(cores -> name: cores, amount: 1, script: , vendor: , memory -> name: memory, amount: 1024, script: , vendor: , offHeap -> name: offHeap, amount: 0, script: , vendor: ), task resources: Map(cpus -> name: cpus, amount: 1.0)
25/07/15 02:19:24 INFO ResourceProfile: Limiting resource is cpu
25/07/15 02:19:24 INFO ResourceProfileManager: Added ResourceProfile id: 0
25/07/15 02:19:24 INFO SecurityManager: Changing view acls to: ova
25/07/15 02:19:24 INFO SecurityManager: Changing modify acls to: ova
25/07/15 02:19:24 INFO SecurityManager: Changing view acls groups to: ova
25/07/15 02:19:24 INFO SecurityManager: Changing modify acls groups to: ova
25/07/15 02:19:24 INFO SecurityManager: SecurityManager: authentication disabled; ui acls disabled; users with view permissions: ova groups with view permissions: EMPTY; users with modify permissions: ova; groups with modify permissions: EMPTY; RPC SSL disabled
25/07/15 02:19:24 INFO Utils: Successfully started service 'sparkDriver' on port 61024.
25/07/15 02:19:24 INFO SparkEnv: Registering MapOutputTracker
25/07/15 02:19:25 INFO SparkEnv: Registering BlockManagerMaster
25/07/15 02:19:25 INFO BlockManagerMasterEndpoint: Using org.apache.spark.storage.DefaultTopologyMapper for getting topology information
25/07/15 02:19:25 INFO BlockManagerMasterEndpoint: BlockManagerMasterEndpoint up
25/07/15 02:19:25 INFO SparkEnv: Registering BlockManagerMasterHeartbeat
25/07/15 02:19:25 INFO DiskBlockManager: Created local directory at /private/var/folders/14/52y2hz4j46s7_h04n92vcrx00000gn/T/blockmgr-89cb259d-875b-4221-87a9-e4641921ead4
25/07/15 02:19:25 INFO SparkEnv: Registering OutputCommitCoordinator
25/07/15 02:19:25 INFO JettyUtils: Start Jetty 0.0.0.0:4040 for SparkUI
25/07/15 02:19:25 INFO Utils: Successfully started service 'SparkUI' on port 4040.
25/07/15 02:19:25 INFO SecurityManager: Changing view acls to: ova
25/07/15 02:19:25 INFO SecurityManager: Changing modify acls to: ova
25/07/15 02:19:25 INFO SecurityManager: Changing view acls groups to: ova
25/07/15 02:19:25 INFO SecurityManager: Changing modify acls groups to: ova
25/07/15 02:19:25 INFO SecurityManager: SecurityManager: authentication disabled; ui acls disabled; users with view permissions: ova groups with view permissions: EMPTY; users with modify permissions: ova; groups with modify permissions: EMPTY; RPC SSL disabled
25/07/15 02:19:25 INFO Executor: Starting executor ID driver on host 192.168.68.29
25/07/15 02:19:25 INFO Executor: OS info Mac OS X, 15.2, aarch64
25/07/15 02:19:25 INFO Executor: Java version 21.0.7
25/07/15 02:19:25 INFO Executor: Starting executor with user classpath (userClassPathFirst = false): ''
25/07/15 02:19:25 INFO Executor: Created or updated repl class loader org.apache.spark.util.MutableURLClassLoader@7645e64 for default.
25/07/15 02:19:25 INFO Utils: Successfully started service 'org.apache.spark.network.netty.NettyBlockTransferService' on port 61025.
25/07/15 02:19:25 INFO NettyBlockTransferService: Server created on 192.168.68.29:61025
25/07/15 02:19:25 INFO BlockManager: Using org.apache.spark.storage.RandomBlockReplicationPolicy for block replication policy
25/07/15 02:19:25 INFO BlockManagerMaster: Registering BlockManager BlockManagerId(driver, 192.168.68.29, 61025, None)
25/07/15 02:19:25 INFO BlockManagerMasterEndpoint: Registering block manager 192.168.68.29:61025 with 17.5 GiB RAM, BlockManagerId(driver, 192.168.68.29, 61025, None)
25/07/15 02:19:25 INFO BlockManagerMaster: Registered BlockManager BlockManagerId(driver, 192.168.68.29, 61025, None)
25/07/15 02:19:25 INFO BlockManager: Initialized BlockManager: BlockManagerId(driver, 192.168.68.29, 61025, None)
]]></system-err>
  </testcase>
  <testcase name="testIsolationBetweenChargepoints" classname="com.phdata.SparkChargePointsTest" time="0.295"/>
  <testcase name="testDurationMultipleDays" classname="com.phdata.SparkChargePointsTest" time="0.052"/>
  <testcase name="testAvgDuration" classname="com.phdata.SparkChargePointsTest" time="0.052"/>
  <testcase name="testMinuteGranularity" classname="com.phdata.SparkChargePointsTest" time="0.043"/>
  <testcase name="testMaxDurationCrossMidnight" classname="com.phdata.SparkChargePointsTest" time="0.047"/>
  <testcase name="testLoadCreatesSingleParquet" classname="com.phdata.SparkChargePointsTest" time="0.479"/>
</testsuite>